<?xml version="1.0" encoding="UTF-8"?>
<!-- Generated by org.testng.reporters.JUnitXMLReporter -->
<testsuite ignored="0" hostname="Vivek" failures="0" tests="5" name="Default test" time="119.093" errors="0" timestamp="2025-09-08T15:31:58 IST">
  <testcase classname="com.orangehrm.test.OrangeHRMTestCases" name="verifyloginTestcase1" time="12.585"/>
  <testcase classname="com.orangehrm.test.OrangeHRMTestCases" name="AddingEmployeeTestCase2" time="25.555"/>
  <testcase classname="com.orangehrm.test.OrangeHRMTestCases" name="searchEmployeeQuickTest" time="12.887"/>
  <testcase classname="com.orangehrm.test.OrangeHRMTestCases" name="searchEmployeeLeaveList" time="18.145"/>
  <testcase classname="com.orangehrm.test.OrangeHRMTestCases" name="searchProject" time="13.689"/>
</testsuite> <!-- Default test -->
