<?xml version="1.0" encoding="UTF-8"?>
<!-- Generated by org.testng.reporters.JUnitXMLReporter -->
<testsuite ignored="0" hostname="Vivek" failures="0" tests="5" name="Test" time="365.97" errors="0" timestamp="2025-09-08T22:16:32 IST">
  <testcase classname="com.orangehrm.test.OrangeHRMTestCases" name="verifyloginTestcase1" time="50.19"/>
  <testcase classname="com.orangehrm.test.OrangeHRMTestCases" name="AddingEmployeeTestCase2" time="87.138"/>
  <testcase classname="com.orangehrm.test.OrangeHRMTestCases" name="searchEmployeeQuickTest" time="56.227"/>
  <testcase classname="com.orangehrm.test.OrangeHRMTestCases" name="searchEmployeeLeaveList" time="87.523"/>
  <testcase classname="com.orangehrm.test.OrangeHRMTestCases" name="searchProject" time="43.321"/>
</testsuite> <!-- Test -->
